<?xml version="1.0" encoding="UTF-8" ?>
<testsuites>
 <testsuite name="App reducer" timestamp="2017-06-23T17:58:28" hostname="localhost" time="0.005" errors="0" tests="2" skipped="0" disabled="0" failures="0">
  <testcase classname="App reducer" name="passes if the object is immutable" time="0.003" />
  <testcase classname="App reducer" name="should return the initial state" time="0.002" />
 </testsuite>
</testsuites>