<?xml version="1.0" encoding="UTF-8" ?>
<testsuites>
 <testsuite name="Actions" timestamp="2017-06-23T14:47:58" hostname="localhost" time="0.003" errors="0" tests="2" skipped="0" disabled="0" failures="0">
  <testcase classname="Actions" name="addCategory" time="0.002" />
  <testcase classname="Actions" name="addTask" time="0.001" />
 </testsuite>
</testsuites>